{"total": {"lines":{"total":159,"covered":30,"skipped":0,"pct":18.86},"statements":{"total":159,"covered":30,"skipped":0,"pct":18.86},"functions":{"total":51,"covered":4,"skipped":0,"pct":7.84},"branches":{"total":54,"covered":4,"skipped":0,"pct":7.4},"branchesTrue":{"total":0,"covered":0,"skipped":0,"pct":100}}
,"/Users/michael.reiniger/Projects/playground/mqtt/src/index.ts": {"lines":{"total":37,"covered":0,"skipped":0,"pct":0},"functions":{"total":7,"covered":0,"skipped":0,"pct":0},"statements":{"total":37,"covered":0,"skipped":0,"pct":0},"branches":{"total":4,"covered":0,"skipped":0,"pct":0}}
,"/Users/michael.reiniger/Projects/playground/mqtt/src/public.ts": {"lines":{"total":4,"covered":0,"skipped":0,"pct":0},"functions":{"total":0,"covered":0,"skipped":0,"pct":100},"statements":{"total":4,"covered":0,"skipped":0,"pct":0},"branches":{"total":0,"covered":0,"skipped":0,"pct":100}}
,"/Users/michael.reiniger/Projects/playground/mqtt/src/logger/logger.ts": {"lines":{"total":17,"covered":0,"skipped":0,"pct":0},"functions":{"total":8,"covered":0,"skipped":0,"pct":0},"statements":{"total":17,"covered":0,"skipped":0,"pct":0},"branches":{"total":7,"covered":0,"skipped":0,"pct":0}}
,"/Users/michael.reiniger/Projects/playground/mqtt/src/logger/logger.types.ts": {"lines":{"total":7,"covered":0,"skipped":0,"pct":0},"functions":{"total":1,"covered":0,"skipped":0,"pct":0},"statements":{"total":7,"covered":0,"skipped":0,"pct":0},"branches":{"total":2,"covered":0,"skipped":0,"pct":0}}
,"/Users/michael.reiniger/Projects/playground/mqtt/src/mqtt/mqtt-broker.ts": {"lines":{"total":44,"covered":30,"skipped":0,"pct":68.18},"functions":{"total":15,"covered":4,"skipped":0,"pct":26.66},"statements":{"total":44,"covered":30,"skipped":0,"pct":68.18},"branches":{"total":31,"covered":4,"skipped":0,"pct":12.9}}
,"/Users/michael.reiniger/Projects/playground/mqtt/src/mqtt/mqtt-client.ts": {"lines":{"total":50,"covered":0,"skipped":0,"pct":0},"functions":{"total":20,"covered":0,"skipped":0,"pct":0},"statements":{"total":50,"covered":0,"skipped":0,"pct":0},"branches":{"total":10,"covered":0,"skipped":0,"pct":0}}
}
